Determining if the Q_WS_WIN exist failed with the following output:
Change Dir: /home/clemente/capc/build/CMakeFiles/CMakeTmp

Run Build Command:"/usr/bin/make" "cmTryCompileExec78110262/fast"
/usr/bin/make -f CMakeFiles/cmTryCompileExec78110262.dir/build.make CMakeFiles/cmTryCompileExec78110262.dir/build
make[1]: Entering directory '/home/clemente/capc/build/CMakeFiles/CMakeTmp'
/usr/bin/cmake -E cmake_progress_report /home/clemente/capc/build/CMakeFiles/CMakeTmp/CMakeFiles 1
Building CXX object CMakeFiles/cmTryCompileExec78110262.dir/CheckSymbolExists.cxx.o
/usr/bin/c++    -I/usr/include/qt4    -o CMakeFiles/cmTryCompileExec78110262.dir/CheckSymbolExists.cxx.o -c /home/clemente/capc/build/CMakeFiles/CMakeTmp/CheckSymbolExists.cxx
/home/clemente/capc/build/CMakeFiles/CMakeTmp/CheckSymbolExists.cxx: In function ‘int main(int, char**)’:
/home/clemente/capc/build/CMakeFiles/CMakeTmp/CheckSymbolExists.cxx:8:19: error: ‘Q_WS_WIN’ was not declared in this scope
   return ((int*)(&Q_WS_WIN))[argc];
                   ^
CMakeFiles/cmTryCompileExec78110262.dir/build.make:57: recipe for target 'CMakeFiles/cmTryCompileExec78110262.dir/CheckSymbolExists.cxx.o' failed
make[1]: *** [CMakeFiles/cmTryCompileExec78110262.dir/CheckSymbolExists.cxx.o] Error 1
make[1]: Leaving directory '/home/clemente/capc/build/CMakeFiles/CMakeTmp'
Makefile:118: recipe for target 'cmTryCompileExec78110262/fast' failed
make: *** [cmTryCompileExec78110262/fast] Error 2

File /home/clemente/capc/build/CMakeFiles/CMakeTmp/CheckSymbolExists.cxx:
/* */
#include <QtCore/qglobal.h>

int main(int argc, char** argv)
{
  (void)argv;
#ifndef Q_WS_WIN
  return ((int*)(&Q_WS_WIN))[argc];
#else
  (void)argc;
  return 0;
#endif
}

Determining if the Q_WS_QWS exist failed with the following output:
Change Dir: /home/clemente/capc/build/CMakeFiles/CMakeTmp

Run Build Command:"/usr/bin/make" "cmTryCompileExec3542143314/fast"
/usr/bin/make -f CMakeFiles/cmTryCompileExec3542143314.dir/build.make CMakeFiles/cmTryCompileExec3542143314.dir/build
make[1]: Entering directory '/home/clemente/capc/build/CMakeFiles/CMakeTmp'
/usr/bin/cmake -E cmake_progress_report /home/clemente/capc/build/CMakeFiles/CMakeTmp/CMakeFiles 1
Building CXX object CMakeFiles/cmTryCompileExec3542143314.dir/CheckSymbolExists.cxx.o
/usr/bin/c++    -I/usr/include/qt4    -o CMakeFiles/cmTryCompileExec3542143314.dir/CheckSymbolExists.cxx.o -c /home/clemente/capc/build/CMakeFiles/CMakeTmp/CheckSymbolExists.cxx
/home/clemente/capc/build/CMakeFiles/CMakeTmp/CheckSymbolExists.cxx: In function ‘int main(int, char**)’:
/home/clemente/capc/build/CMakeFiles/CMakeTmp/CheckSymbolExists.cxx:8:19: error: ‘Q_WS_QWS’ was not declared in this scope
   return ((int*)(&Q_WS_QWS))[argc];
                   ^
CMakeFiles/cmTryCompileExec3542143314.dir/build.make:57: recipe for target 'CMakeFiles/cmTryCompileExec3542143314.dir/CheckSymbolExists.cxx.o' failed
make[1]: *** [CMakeFiles/cmTryCompileExec3542143314.dir/CheckSymbolExists.cxx.o] Error 1
make[1]: Leaving directory '/home/clemente/capc/build/CMakeFiles/CMakeTmp'
Makefile:118: recipe for target 'cmTryCompileExec3542143314/fast' failed
make: *** [cmTryCompileExec3542143314/fast] Error 2

File /home/clemente/capc/build/CMakeFiles/CMakeTmp/CheckSymbolExists.cxx:
/* */
#include <QtCore/qglobal.h>

int main(int argc, char** argv)
{
  (void)argv;
#ifndef Q_WS_QWS
  return ((int*)(&Q_WS_QWS))[argc];
#else
  (void)argc;
  return 0;
#endif
}

Determining if the Q_WS_MAC exist failed with the following output:
Change Dir: /home/clemente/capc/build/CMakeFiles/CMakeTmp

Run Build Command:"/usr/bin/make" "cmTryCompileExec1862779051/fast"
/usr/bin/make -f CMakeFiles/cmTryCompileExec1862779051.dir/build.make CMakeFiles/cmTryCompileExec1862779051.dir/build
make[1]: Entering directory '/home/clemente/capc/build/CMakeFiles/CMakeTmp'
/usr/bin/cmake -E cmake_progress_report /home/clemente/capc/build/CMakeFiles/CMakeTmp/CMakeFiles 1
Building CXX object CMakeFiles/cmTryCompileExec1862779051.dir/CheckSymbolExists.cxx.o
/usr/bin/c++    -I/usr/include/qt4    -o CMakeFiles/cmTryCompileExec1862779051.dir/CheckSymbolExists.cxx.o -c /home/clemente/capc/build/CMakeFiles/CMakeTmp/CheckSymbolExists.cxx
/home/clemente/capc/build/CMakeFiles/CMakeTmp/CheckSymbolExists.cxx: In function ‘int main(int, char**)’:
/home/clemente/capc/build/CMakeFiles/CMakeTmp/CheckSymbolExists.cxx:8:19: error: ‘Q_WS_MAC’ was not declared in this scope
   return ((int*)(&Q_WS_MAC))[argc];
                   ^
CMakeFiles/cmTryCompileExec1862779051.dir/build.make:57: recipe for target 'CMakeFiles/cmTryCompileExec1862779051.dir/CheckSymbolExists.cxx.o' failed
make[1]: Leaving directory '/home/clemente/capc/build/CMakeFiles/CMakeTmp'
make[1]: *** [CMakeFiles/cmTryCompileExec1862779051.dir/CheckSymbolExists.cxx.o] Error 1
Makefile:118: recipe for target 'cmTryCompileExec1862779051/fast' failed
make: *** [cmTryCompileExec1862779051/fast] Error 2

File /home/clemente/capc/build/CMakeFiles/CMakeTmp/CheckSymbolExists.cxx:
/* */
#include <QtCore/qglobal.h>

int main(int argc, char** argv)
{
  (void)argv;
#ifndef Q_WS_MAC
  return ((int*)(&Q_WS_MAC))[argc];
#else
  (void)argc;
  return 0;
#endif
}

Determining if the pthread_create exist failed with the following output:
Change Dir: /home/clemente/capc/build/CMakeFiles/CMakeTmp

Run Build Command:"/usr/bin/make" "cmTryCompileExec2602506770/fast"
make[1]: Entering directory '/home/clemente/capc/build/CMakeFiles/CMakeTmp'
/usr/bin/make -f CMakeFiles/cmTryCompileExec2602506770.dir/build.make CMakeFiles/cmTryCompileExec2602506770.dir/build
make[2]: Entering directory '/home/clemente/capc/build/CMakeFiles/CMakeTmp'
/usr/bin/cmake -E cmake_progress_report /home/clemente/capc/build/CMakeFiles/CMakeTmp/CMakeFiles 1
Building C object CMakeFiles/cmTryCompileExec2602506770.dir/CheckSymbolExists.c.o
/usr/bin/cc    -o CMakeFiles/cmTryCompileExec2602506770.dir/CheckSymbolExists.c.o   -c /home/clemente/capc/build/CMakeFiles/CMakeTmp/CheckSymbolExists.c
Linking C executable cmTryCompileExec2602506770
/usr/bin/cmake -E cmake_link_script CMakeFiles/cmTryCompileExec2602506770.dir/link.txt --verbose=1
/usr/bin/cc       CMakeFiles/cmTryCompileExec2602506770.dir/CheckSymbolExists.c.o  -o cmTryCompileExec2602506770 -rdynamic 
CMakeFiles/cmTryCompileExec2602506770.dir/CheckSymbolExists.c.o: In function `main':
CheckSymbolExists.c:(.text+0x16): undefined reference to `pthread_create'
collect2: error: ld returned 1 exit status
CMakeFiles/cmTryCompileExec2602506770.dir/build.make:88: recipe for target 'cmTryCompileExec2602506770' failed
make[2]: Leaving directory '/home/clemente/capc/build/CMakeFiles/CMakeTmp'
make[2]: *** [cmTryCompileExec2602506770] Error 1
Makefile:118: recipe for target 'cmTryCompileExec2602506770/fast' failed
make[1]: Leaving directory '/home/clemente/capc/build/CMakeFiles/CMakeTmp'
make[1]: *** [cmTryCompileExec2602506770/fast] Error 2

File /home/clemente/capc/build/CMakeFiles/CMakeTmp/CheckSymbolExists.c:
/* */
#include <pthread.h>

int main(int argc, char** argv)
{
  (void)argv;
#ifndef pthread_create
  return ((int*)(&pthread_create))[argc];
#else
  (void)argc;
  return 0;
#endif
}

Determining if the function pthread_create exists in the pthreads failed with the following output:
Change Dir: /home/clemente/capc/build/CMakeFiles/CMakeTmp

Run Build Command:"/usr/bin/make" "cmTryCompileExec2107515054/fast"
make[1]: Entering directory '/home/clemente/capc/build/CMakeFiles/CMakeTmp'
/usr/bin/make -f CMakeFiles/cmTryCompileExec2107515054.dir/build.make CMakeFiles/cmTryCompileExec2107515054.dir/build
make[2]: Entering directory '/home/clemente/capc/build/CMakeFiles/CMakeTmp'
/usr/bin/cmake -E cmake_progress_report /home/clemente/capc/build/CMakeFiles/CMakeTmp/CMakeFiles 1
Building C object CMakeFiles/cmTryCompileExec2107515054.dir/CheckFunctionExists.c.o
/usr/bin/cc   -DCHECK_FUNCTION_EXISTS=pthread_create   -o CMakeFiles/cmTryCompileExec2107515054.dir/CheckFunctionExists.c.o   -c /usr/share/cmake-3.0/Modules/CheckFunctionExists.c
Linking C executable cmTryCompileExec2107515054
/usr/bin/cmake -E cmake_link_script CMakeFiles/cmTryCompileExec2107515054.dir/link.txt --verbose=1
/usr/bin/cc   -DCHECK_FUNCTION_EXISTS=pthread_create    CMakeFiles/cmTryCompileExec2107515054.dir/CheckFunctionExists.c.o  -o cmTryCompileExec2107515054 -rdynamic -lpthreads 
/usr/bin/ld: cannot find -lpthreads
collect2: error: ld returned 1 exit status
CMakeFiles/cmTryCompileExec2107515054.dir/build.make:88: recipe for target 'cmTryCompileExec2107515054' failed
make[2]: Leaving directory '/home/clemente/capc/build/CMakeFiles/CMakeTmp'
make[2]: *** [cmTryCompileExec2107515054] Error 1
Makefile:118: recipe for target 'cmTryCompileExec2107515054/fast' failed
make[1]: Leaving directory '/home/clemente/capc/build/CMakeFiles/CMakeTmp'
make[1]: *** [cmTryCompileExec2107515054/fast] Error 2


